<?xml version="1.0" encoding="UTF-8" ?>
<testsuite failures="0" time="0.019" errors="0" skipped="0" tests="5" name="com.javaworld.hotels.model.HotelModelTest">
  <properties>
    <property name="java.runtime.name" value="Java(TM) SE Runtime Environment"/>
    <property name="sun.boot.library.path" value="C:\Mary\Sviluppo\kit\java\jdk1.6.0_20\jre\bin"/>
    <property name="java.vm.version" value="16.3-b01"/>
    <property name="java.vm.vendor" value="Sun Microsystems Inc."/>
    <property name="java.vendor.url" value="http://java.sun.com/"/>
    <property name="path.separator" value=";"/>
    <property name="guice.disable.misplaced.annotation.check" value="true"/>
    <property name="java.vm.name" value="Java HotSpot(TM) Client VM"/>
    <property name="file.encoding.pkg" value="sun.io"/>
    <property name="user.country" value="IT"/>
    <property name="sun.java.launcher" value="SUN_STANDARD"/>
    <property name="sun.os.patch.level" value="Service Pack 2"/>
    <property name="java.vm.specification.name" value="Java Virtual Machine Specification"/>
    <property name="user.dir" value="C:\Mary\Guide_e_appunti\J2EE\Maven\jw-1205-maven_origine\application"/>
    <property name="java.runtime.version" value="1.6.0_20-b02"/>
    <property name="java.awt.graphicsenv" value="sun.awt.Win32GraphicsEnvironment"/>
    <property name="java.endorsed.dirs" value="C:\Mary\Sviluppo\kit\java\jdk1.6.0_20\jre\lib\endorsed"/>
    <property name="os.arch" value="x86"/>
    <property name="java.io.tmpdir" value="C:\Users\Mary\AppData\Local\Temp\"/>
    <property name="line.separator" value="
"/>
    <property name="java.vm.specification.vendor" value="Sun Microsystems Inc."/>
    <property name="user.variant" value=""/>
    <property name="os.name" value="Windows Vista"/>
    <property name="classworlds.conf" value="C:\Mary\provaMaven\.metadata\.plugins\org.eclipse.m2e.launching\launches\m2conf3698506875787578130.tmp"/>
    <property name="sun.jnu.encoding" value="Cp1252"/>
    <property name="java.library.path" value="C:\Mary\Sviluppo\kit\java\jdk1.6.0_20\bin;.;C:\Windows\Sun\Java\bin;C:\Windows\system32;C:\Windows;C:/Program Files/Java/jre1.8.0_71/bin/client;C:/Program Files/Java/jre1.8.0_71/bin;C:/Program Files/Java/jre1.8.0_71/lib/i386;C:\ProgramData\Oracle\Java\javapath;C:\Windows\system32;C:\Windows;C:\Windows\System32\Wbem;C:\Program Files\ATI Technologies\ATI.ACE\Core-Static;C:\Windows\System32\WindowsPowerShell\v1.0\;C:\Mary\Sviluppo\kit\java\jdk1.6.0_20\BIN;C:\Mary\Sviluppo\kit\maven\apache-maven-3.0.5\BIN;C:\Mary\Sviluppo\kit\maven\apache-maven-3.0.5\BIN;C:\oraclexe\app\oracle\product\11.2.0\server\bin;C:\Program Files\TortoiseSVN\bin;C:\Program Files\Skype\Phone\;C:\Sun\SDK\bin;C:\Mary\Sviluppo\eclipse-jee-luna-SR2-win32\eclipse;"/>
    <property name="java.specification.name" value="Java Platform API Specification"/>
    <property name="java.class.version" value="50.0"/>
    <property name="sun.management.compiler" value="HotSpot Client Compiler"/>
    <property name="os.version" value="6.0"/>
    <property name="user.home" value="C:\Users\Mary"/>
    <property name="user.timezone" value="Europe/Berlin"/>
    <property name="java.awt.printerjob" value="sun.awt.windows.WPrinterJob"/>
    <property name="file.encoding" value="Cp1252"/>
    <property name="java.specification.version" value="1.6"/>
    <property name="user.name" value="Mary"/>
    <property name="java.class.path" value="C:\Mary\Sviluppo\kit\maven\apache-maven-3.0.5\boot\plexus-classworlds-2.4.jar"/>
    <property name="java.vm.specification.version" value="1.0"/>
    <property name="sun.arch.data.model" value="32"/>
    <property name="java.home" value="C:\Mary\Sviluppo\kit\java\jdk1.6.0_20\jre"/>
    <property name="java.specification.vendor" value="Sun Microsystems Inc."/>
    <property name="user.language" value="it"/>
    <property name="awt.toolkit" value="sun.awt.windows.WToolkit"/>
    <property name="java.vm.info" value="mixed mode"/>
    <property name="java.version" value="1.6.0_20"/>
    <property name="java.ext.dirs" value="C:\Mary\Sviluppo\kit\java\jdk1.6.0_20\jre\lib\ext;C:\Windows\Sun\Java\lib\ext"/>
    <property name="sun.boot.class.path" value="C:\Mary\Sviluppo\kit\java\jdk1.6.0_20\jre\lib\resources.jar;C:\Mary\Sviluppo\kit\java\jdk1.6.0_20\jre\lib\rt.jar;C:\Mary\Sviluppo\kit\java\jdk1.6.0_20\jre\lib\sunrsasign.jar;C:\Mary\Sviluppo\kit\java\jdk1.6.0_20\jre\lib\jsse.jar;C:\Mary\Sviluppo\kit\java\jdk1.6.0_20\jre\lib\jce.jar;C:\Mary\Sviluppo\kit\java\jdk1.6.0_20\jre\lib\charsets.jar;C:\Mary\Sviluppo\kit\java\jdk1.6.0_20\jre\classes"/>
    <property name="java.vendor" value="Sun Microsystems Inc."/>
    <property name="maven.home" value="C:\Mary\Sviluppo\kit\maven\apache-maven-3.0.5"/>
    <property name="file.separator" value="\"/>
    <property name="java.vendor.url.bug" value="http://java.sun.com/cgi-bin/bugreport.cgi"/>
    <property name="sun.cpu.endian" value="little"/>
    <property name="sun.io.unicode.encoding" value="UnicodeLittle"/>
    <property name="sun.desktop" value="windows"/>
    <property name="sun.cpu.isalist" value="pentium_pro+mmx pentium_pro pentium+mmx pentium i486 i386 i86"/>
  </properties>
  <testcase time="0.005" classname="com.javaworld.hotels.model.HotelModelTest" name="testFindHotelsByCity1"/>
  <testcase time="0" classname="com.javaworld.hotels.model.HotelModelTest" name="testFindHotelsByCity2"/>
  <testcase time="0" classname="com.javaworld.hotels.model.HotelModelTest" name="testFindHotelsByEmptyCity"/>
  <testcase time="0" classname="com.javaworld.hotels.model.HotelModelTest" name="testFindHotelsByNullCity"/>
  <testcase time="0" classname="com.javaworld.hotels.model.HotelModelTest" name="testFindAvaliableCities"/>
</testsuite>